0 info it worked if it ends with ok
1 verbose cli [ '/Users/shaunakkulkarni/.nvm/versions/node/v7.2.0/bin/node',
1 verbose cli   '/Users/shaunakkulkarni/.nvm/versions/node/v7.2.0/bin/npm',
1 verbose cli   'run',
1 verbose cli   'win' ]
2 info using npm@3.10.9
3 info using node@v7.2.0
4 verbose run-script [ 'prewin', 'win', 'postwin' ]
5 info lifecycle backend@1.0.0~prewin: backend@1.0.0
6 silly lifecycle backend@1.0.0~prewin: no script for prewin, continuing
7 info lifecycle backend@1.0.0~win: backend@1.0.0
8 verbose lifecycle backend@1.0.0~win: unsafe-perm in lifecycle true
9 verbose lifecycle backend@1.0.0~win: PATH: /Users/shaunakkulkarni/.nvm/versions/node/v7.2.0/lib/node_modules/npm/bin/node-gyp-bin:/Users/shaunakkulkarni/AuburnHacksProject/auburnhacks-2021/backend/node_modules/.bin:/Users/shaunakkulkarni/.nvm/versions/node/v7.2.0/bin:/Users/shaunakkulkarni/.amplify/bin:/Library/Frameworks/Python.framework/Versions/3.9/bin:/Library/Frameworks/Python.framework/Versions/3.8/bin:/usr/local/bin:/usr/bin:/bin:/usr/sbin:/sbin:/usr/local/MacGPG2/bin
10 verbose lifecycle backend@1.0.0~win: CWD: /Users/shaunakkulkarni/AuburnHacksProject/auburnhacks-2021/backend
11 silly lifecycle backend@1.0.0~win: Args: [ '-c', 'tsc index.ts skyscanner.ts && npm run start' ]
12 silly lifecycle backend@1.0.0~win: Returned: code: 2  signal: null
13 info lifecycle backend@1.0.0~win: Failed to exec win script
14 verbose stack Error: backend@1.0.0 win: `tsc index.ts skyscanner.ts && npm run start`
14 verbose stack Exit status 2
14 verbose stack     at EventEmitter.<anonymous> (/Users/shaunakkulkarni/.nvm/versions/node/v7.2.0/lib/node_modules/npm/lib/utils/lifecycle.js:255:16)
14 verbose stack     at emitTwo (events.js:106:13)
14 verbose stack     at EventEmitter.emit (events.js:191:7)
14 verbose stack     at ChildProcess.<anonymous> (/Users/shaunakkulkarni/.nvm/versions/node/v7.2.0/lib/node_modules/npm/lib/utils/spawn.js:40:14)
14 verbose stack     at emitTwo (events.js:106:13)
14 verbose stack     at ChildProcess.emit (events.js:191:7)
14 verbose stack     at maybeClose (internal/child_process.js:885:16)
14 verbose stack     at Process.ChildProcess._handle.onexit (internal/child_process.js:226:5)
15 verbose pkgid backend@1.0.0
16 verbose cwd /Users/shaunakkulkarni/AuburnHacksProject/auburnhacks-2021/backend
17 error Darwin 20.3.0
18 error argv "/Users/shaunakkulkarni/.nvm/versions/node/v7.2.0/bin/node" "/Users/shaunakkulkarni/.nvm/versions/node/v7.2.0/bin/npm" "run" "win"
19 error node v7.2.0
20 error npm  v3.10.9
21 error code ELIFECYCLE
22 error backend@1.0.0 win: `tsc index.ts skyscanner.ts && npm run start`
22 error Exit status 2
23 error Failed at the backend@1.0.0 win script 'tsc index.ts skyscanner.ts && npm run start'.
23 error Make sure you have the latest version of node.js and npm installed.
23 error If you do, this is most likely a problem with the backend package,
23 error not with npm itself.
23 error Tell the author that this fails on your system:
23 error     tsc index.ts skyscanner.ts && npm run start
23 error You can get information on how to open an issue for this project with:
23 error     npm bugs backend
23 error Or if that isn't available, you can get their info via:
23 error     npm owner ls backend
23 error There is likely additional logging output above.
24 verbose exit [ 1, true ]
